[2019-11-30 21:08:03,717] - WARNING: =========================START=========================
[2019-11-30 21:08:03,721] - DEBUG: 测试用例开始执行:test_login_flow
[2019-11-30 21:08:18,036] - INFO: open the page: http://app.yuanian.com/ecs-cloudplatform-api/index.html#/login?lang=zh_CN&sourceSite=4&sourceLogo=&source=%E4%BC%81%E4%B8%9A%E8%87%AA%E6%B3%A8%E5%86%8C&goto=/register&v=2019111901
[2019-11-30 21:08:18,038] - DEBUG: find elements:(css selector, #loginName)
[2019-11-30 21:08:18,040] - INFO: driver_wait 10.
[2019-11-30 21:08:18,118] - DEBUG: execute javascript: arguments[0].focus();
[2019-11-30 21:08:18,142] - DEBUG: execute javascript: arguments[0].setAttribute('style', 'border: 2px solid red;');
[2019-11-30 21:08:19,144] - INFO: wait 0.500000 seconds
[2019-11-30 21:08:19,508] - INFO: send keys to element:(css selector, #loginName) value: tong
[2019-11-30 21:08:19,510] - DEBUG: find elements:(css selector, #pwd)
[2019-11-30 21:08:19,511] - INFO: driver_wait 10.
[2019-11-30 21:08:19,592] - DEBUG: execute javascript: arguments[0].focus();
[2019-11-30 21:08:19,614] - DEBUG: execute javascript: arguments[0].setAttribute('style', 'border: 2px solid red;');
[2019-11-30 21:08:20,616] - INFO: wait 0.500000 seconds
[2019-11-30 21:08:21,113] - INFO: send keys to element:(css selector, #pwd) value: 123456
[2019-11-30 21:08:21,116] - DEBUG: find elements:(css selector, #components-form-demo-normal-login > form > div:nth-child(4) > div > div > span > button)
[2019-11-30 21:08:21,117] - INFO: driver_wait 10.
[2019-11-30 21:08:21,192] - DEBUG: execute javascript: arguments[0].focus();
[2019-11-30 21:08:21,211] - DEBUG: execute javascript: arguments[0].setAttribute('style', 'border: 2px solid red;');
[2019-11-30 21:08:21,375] - INFO: click element:(css selector, #components-form-demo-normal-login > form > div:nth-child(4) > div > div > span > button)
[2019-11-30 21:08:21,378] - DEBUG: find elements:(xpath, //*[text()='多租户空库0814'])
[2019-11-30 21:08:21,379] - INFO: driver_wait 10.
[2019-11-30 21:08:21,684] - DEBUG: execute javascript: arguments[0].focus();
[2019-11-30 21:08:21,712] - DEBUG: execute javascript: arguments[0].setAttribute('style', 'border: 2px solid red;');
[2019-11-30 21:08:21,810] - INFO: click element:(css selector, 多租户空库0814)
[2019-11-30 21:08:21,812] - DEBUG: get attributes to element:(css selector, #components-layout-top > ul > li:nth-child(4) > div > span) name: title
[2019-11-30 21:08:21,814] - DEBUG: find elements:(css selector, #components-layout-top > ul > li:nth-child(4) > div > span)
[2019-11-30 21:08:21,815] - INFO: driver_wait 10.
[2019-11-30 21:08:26,367] - DEBUG: execute javascript: arguments[0].focus();
[2019-11-30 21:08:26,386] - DEBUG: execute javascript: arguments[0].setAttribute('style', 'border: 2px solid red;');
[2019-11-30 21:08:29,612] - INFO: quit browser
[2019-11-30 21:08:29,616] - DEBUG: 测试用例执行结束:test_login_flow
[2019-11-30 21:08:29,620] - WARNING: ========================= END =========================
[2019-11-30 21:08:29,623] - WARNING: =========================START=========================
[2019-11-30 21:08:29,625] - DEBUG: 测试用例开始执行:test_wait_deal_flow
[2019-11-30 21:08:41,238] - INFO: open the page: http://app.yuanian.com/ecs-cloudplatform-api/index.html#/login?lang=zh_CN&sourceSite=4&sourceLogo=&source=%E4%BC%81%E4%B8%9A%E8%87%AA%E6%B3%A8%E5%86%8C&goto=/register&v=2019111901
[2019-11-30 21:08:41,240] - DEBUG: find elements:(css selector, #loginName)
[2019-11-30 21:08:41,242] - INFO: driver_wait 10.
[2019-11-30 21:08:41,295] - DEBUG: execute javascript: arguments[0].focus();
[2019-11-30 21:08:41,309] - DEBUG: execute javascript: arguments[0].setAttribute('style', 'border: 2px solid red;');
[2019-11-30 21:08:42,311] - INFO: wait 0.500000 seconds
[2019-11-30 21:08:42,596] - INFO: send keys to element:(css selector, #loginName) value: tong
[2019-11-30 21:08:42,598] - DEBUG: find elements:(css selector, #pwd)
[2019-11-30 21:08:42,599] - INFO: driver_wait 10.
[2019-11-30 21:08:42,653] - DEBUG: execute javascript: arguments[0].focus();
[2019-11-30 21:08:42,666] - DEBUG: execute javascript: arguments[0].setAttribute('style', 'border: 2px solid red;');
[2019-11-30 21:08:43,668] - INFO: wait 0.500000 seconds
[2019-11-30 21:08:43,981] - INFO: send keys to element:(css selector, #pwd) value: 123456
[2019-11-30 21:08:43,984] - DEBUG: find elements:(css selector, #components-form-demo-normal-login > form > div:nth-child(4) > div > div > span > button)
[2019-11-30 21:08:43,986] - INFO: driver_wait 10.
[2019-11-30 21:08:44,045] - DEBUG: execute javascript: arguments[0].focus();
[2019-11-30 21:08:44,053] - DEBUG: execute javascript: arguments[0].setAttribute('style', 'border: 2px solid red;');
[2019-11-30 21:08:44,188] - INFO: click element:(css selector, #components-form-demo-normal-login > form > div:nth-child(4) > div > div > span > button)
[2019-11-30 21:08:44,192] - DEBUG: find elements:(xpath, //*[text()='多租户空库0814'])
[2019-11-30 21:08:44,195] - INFO: driver_wait 10.
[2019-11-30 21:08:44,404] - DEBUG: execute javascript: arguments[0].focus();
[2019-11-30 21:08:44,427] - DEBUG: execute javascript: arguments[0].setAttribute('style', 'border: 2px solid red;');
[2019-11-30 21:08:44,512] - INFO: click element:(css selector, 多租户空库0814)
[2019-11-30 21:08:44,514] - DEBUG: get attributes to element:(css selector, #components-layout-top > ul > li:nth-child(4) > div > span) name: title
[2019-11-30 21:08:44,517] - DEBUG: find elements:(css selector, #components-layout-top > ul > li:nth-child(4) > div > span)
[2019-11-30 21:08:44,518] - INFO: driver_wait 10.
[2019-11-30 21:08:49,252] - DEBUG: execute javascript: arguments[0].focus();
[2019-11-30 21:08:49,265] - DEBUG: execute javascript: arguments[0].setAttribute('style', 'border: 2px solid red;');
[2019-11-30 21:08:49,284] - DEBUG: find elements:(css selector, #tabmore)
[2019-11-30 21:08:49,286] - INFO: driver_wait 10.
[2019-11-30 21:08:49,330] - DEBUG: execute javascript: arguments[0].focus();
[2019-11-30 21:08:49,347] - DEBUG: execute javascript: arguments[0].setAttribute('style', 'border: 2px solid red;');
[2019-11-30 21:08:49,372] - INFO: move to element:(css selector, #tabmore)
[2019-11-30 21:08:49,374] - DEBUG: find elements:(xpath, //*[text()='待办'])
[2019-11-30 21:08:49,375] - INFO: driver_wait 10.
[2019-11-30 21:08:49,653] - DEBUG: execute javascript: arguments[0].focus();
[2019-11-30 21:08:49,673] - DEBUG: execute javascript: arguments[0].setAttribute('style', 'border: 2px solid red;');
[2019-11-30 21:08:50,088] - INFO: click element:(css selector, 待办)
[2019-11-30 21:08:50,090] - DEBUG: find elements:(css selector, #root > div > section > section > section > main > section > section > main > section > main > div > div.components-todo-formcontent__record_lists--29V_wNCX)
[2019-11-30 21:08:50,094] - INFO: driver_wait 10.
[2019-11-30 21:08:50,789] - DEBUG: execute javascript: arguments[0].focus();
[2019-11-30 21:08:50,800] - DEBUG: execute javascript: arguments[0].setAttribute('style', 'border: 2px solid red;');
[2019-11-30 21:08:53,872] - INFO: quit browser
[2019-11-30 21:08:53,875] - DEBUG: 测试用例执行结束:test_wait_deal_flow
[2019-11-30 21:08:53,877] - WARNING: ========================= END =========================
[2019-11-30 21:08:53,880] - WARNING: =========================START=========================
[2019-11-30 21:08:53,882] - DEBUG: 测试用例开始执行:test_already_deal_flow
[2019-11-30 21:09:02,460] - INFO: open the page: http://app.yuanian.com/ecs-cloudplatform-api/index.html#/login?lang=zh_CN&sourceSite=4&sourceLogo=&source=%E4%BC%81%E4%B8%9A%E8%87%AA%E6%B3%A8%E5%86%8C&goto=/register&v=2019111901
[2019-11-30 21:09:02,463] - DEBUG: find elements:(css selector, #loginName)
[2019-11-30 21:09:02,465] - INFO: driver_wait 10.
[2019-11-30 21:09:02,551] - DEBUG: execute javascript: arguments[0].focus();
[2019-11-30 21:09:02,576] - DEBUG: execute javascript: arguments[0].setAttribute('style', 'border: 2px solid red;');
[2019-11-30 21:09:03,580] - INFO: wait 0.500000 seconds
[2019-11-30 21:09:04,040] - INFO: send keys to element:(css selector, #loginName) value: tong
[2019-11-30 21:09:04,043] - DEBUG: find elements:(css selector, #pwd)
[2019-11-30 21:09:04,045] - INFO: driver_wait 10.
[2019-11-30 21:09:04,172] - DEBUG: execute javascript: arguments[0].focus();
[2019-11-30 21:09:04,188] - DEBUG: execute javascript: arguments[0].setAttribute('style', 'border: 2px solid red;');
[2019-11-30 21:09:05,190] - INFO: wait 0.500000 seconds
[2019-11-30 21:09:05,635] - INFO: send keys to element:(css selector, #pwd) value: 123456
[2019-11-30 21:09:05,637] - DEBUG: find elements:(css selector, #components-form-demo-normal-login > form > div:nth-child(4) > div > div > span > button)
[2019-11-30 21:09:05,640] - INFO: driver_wait 10.
[2019-11-30 21:09:05,718] - DEBUG: execute javascript: arguments[0].focus();
[2019-11-30 21:09:05,732] - DEBUG: execute javascript: arguments[0].setAttribute('style', 'border: 2px solid red;');
[2019-11-30 21:09:05,886] - INFO: click element:(css selector, #components-form-demo-normal-login > form > div:nth-child(4) > div > div > span > button)
[2019-11-30 21:09:05,889] - DEBUG: find elements:(xpath, //*[text()='多租户空库0814'])
[2019-11-30 21:09:05,891] - INFO: driver_wait 10.
[2019-11-30 21:09:06,154] - DEBUG: execute javascript: arguments[0].focus();
[2019-11-30 21:09:06,176] - DEBUG: execute javascript: arguments[0].setAttribute('style', 'border: 2px solid red;');
[2019-11-30 21:09:06,261] - INFO: click element:(css selector, 多租户空库0814)
[2019-11-30 21:09:06,264] - DEBUG: get attributes to element:(css selector, #components-layout-top > ul > li:nth-child(4) > div > span) name: title
[2019-11-30 21:09:06,265] - DEBUG: find elements:(css selector, #components-layout-top > ul > li:nth-child(4) > div > span)
[2019-11-30 21:09:06,265] - INFO: driver_wait 10.
[2019-11-30 21:09:10,049] - DEBUG: execute javascript: arguments[0].focus();
[2019-11-30 21:09:10,073] - DEBUG: execute javascript: arguments[0].setAttribute('style', 'border: 2px solid red;');
[2019-11-30 21:09:10,090] - DEBUG: find elements:(css selector, #tabmore)
[2019-11-30 21:09:10,092] - INFO: driver_wait 10.
[2019-11-30 21:09:10,131] - DEBUG: execute javascript: arguments[0].focus();
[2019-11-30 21:09:10,144] - DEBUG: execute javascript: arguments[0].setAttribute('style', 'border: 2px solid red;');
[2019-11-30 21:09:10,169] - INFO: move to element:(css selector, #tabmore)
[2019-11-30 21:09:10,171] - DEBUG: find elements:(xpath, //*[text()='待办'])
[2019-11-30 21:09:10,173] - INFO: driver_wait 10.
[2019-11-30 21:09:10,469] - DEBUG: execute javascript: arguments[0].focus();
[2019-11-30 21:09:10,493] - DEBUG: execute javascript: arguments[0].setAttribute('style', 'border: 2px solid red;');
[2019-11-30 21:09:10,943] - INFO: click element:(css selector, 待办)
[2019-11-30 21:09:10,945] - DEBUG: find elements:(xpath, //*[text()='已办任务'])
[2019-11-30 21:09:10,947] - INFO: driver_wait 10.
[2019-11-30 21:09:11,619] - DEBUG: execute javascript: arguments[0].focus();
[2019-11-30 21:09:14,278] - DEBUG: execute javascript: arguments[0].setAttribute('style', 'border: 2px solid red;');
[2019-11-30 21:09:14,533] - INFO: click element:(css selector, 已办任务)
[2019-11-30 21:09:14,536] - DEBUG: find elements:(css selector, #root > div > section > section > section > main > section > section > main > section > main > div > div.components-todo-formcontent__record_lists--29V_wNCX > div > div)
[2019-11-30 21:09:14,537] - INFO: driver_wait 10.
[2019-11-30 21:09:14,952] - DEBUG: execute javascript: arguments[0].focus();
[2019-11-30 21:09:14,971] - DEBUG: execute javascript: arguments[0].setAttribute('style', 'border: 2px solid red;');
[2019-11-30 21:09:18,109] - INFO: quit browser
[2019-11-30 21:09:18,111] - DEBUG: 测试用例执行结束:test_already_deal_flow
[2019-11-30 21:09:18,112] - WARNING: ========================= END =========================
[2019-11-30 21:09:18,113] - WARNING: =========================START=========================
[2019-11-30 21:09:18,115] - DEBUG: 测试用例开始执行:test_mobile_login_flow
[2019-11-30 21:09:26,847] - INFO: open the page: http://app.yuanian.com/ecs-cloudplatform-api/index.html#/login?lang=zh_CN&sourceSite=4&sourceLogo=&source=%E4%BC%81%E4%B8%9A%E8%87%AA%E6%B3%A8%E5%86%8C&goto=/register&v=2019111901
[2019-11-30 21:09:26,849] - DEBUG: find elements:(css selector, #loginName)
[2019-11-30 21:09:26,851] - INFO: driver_wait 10.
[2019-11-30 21:09:26,903] - DEBUG: execute javascript: arguments[0].focus();
[2019-11-30 21:09:26,916] - DEBUG: execute javascript: arguments[0].setAttribute('style', 'border: 2px solid red;');
[2019-11-30 21:09:27,918] - INFO: wait 0.500000 seconds
[2019-11-30 21:09:28,209] - INFO: send keys to element:(css selector, #loginName) value: tong
[2019-11-30 21:09:28,212] - DEBUG: find elements:(css selector, #pwd)
[2019-11-30 21:09:28,215] - INFO: driver_wait 10.
[2019-11-30 21:09:28,304] - DEBUG: execute javascript: arguments[0].focus();
[2019-11-30 21:09:28,319] - DEBUG: execute javascript: arguments[0].setAttribute('style', 'border: 2px solid red;');
[2019-11-30 21:09:29,321] - INFO: wait 0.500000 seconds
[2019-11-30 21:09:29,649] - INFO: send keys to element:(css selector, #pwd) value: 123456
[2019-11-30 21:09:29,650] - DEBUG: find elements:(css selector, #components-form-demo-normal-login > form > div:nth-child(4) > div > div > span > button)
[2019-11-30 21:09:29,652] - INFO: driver_wait 10.
[2019-11-30 21:09:29,724] - DEBUG: execute javascript: arguments[0].focus();
[2019-11-30 21:09:29,745] - DEBUG: execute javascript: arguments[0].setAttribute('style', 'border: 2px solid red;');
[2019-11-30 21:09:29,867] - INFO: click element:(css selector, #components-form-demo-normal-login > form > div:nth-child(4) > div > div > span > button)
[2019-11-30 21:09:29,869] - DEBUG: find elements:(xpath, //*[text()='多租户空库0814'])
[2019-11-30 21:09:29,871] - INFO: driver_wait 10.
[2019-11-30 21:09:30,076] - DEBUG: execute javascript: arguments[0].focus();
[2019-11-30 21:09:30,087] - DEBUG: execute javascript: arguments[0].setAttribute('style', 'border: 2px solid red;');
[2019-11-30 21:09:30,155] - INFO: click element:(css selector, 多租户空库0814)
[2019-11-30 21:09:30,157] - DEBUG: find elements:(css selector, #root > div > div > div.home_tabbar___2b8uE > div > div > div > div > div:nth-child(3) > p)
[2019-11-30 21:09:30,159] - INFO: driver_wait 10.
[2019-11-30 21:09:32,120] - DEBUG: execute javascript: arguments[0].focus();
[2019-11-30 21:09:32,134] - DEBUG: execute javascript: arguments[0].setAttribute('style', 'border: 2px solid red;');
[2019-11-30 21:09:32,282] - INFO: click element:(css selector, #root > div > div > div.home_tabbar___2b8uE > div > div > div > div > div:nth-child(3) > p)
[2019-11-30 21:09:32,284] - DEBUG: find elements:(css selector, #root > div > div > div.content___ItU_U > div.top___3gs4z > div.am-list.avatar___1dflk > div > div > div.am-list-line.am-list-line-multiple > div.am-list-content)
[2019-11-30 21:09:32,286] - INFO: driver_wait 10.
[2019-11-30 21:09:32,346] - DEBUG: execute javascript: arguments[0].focus();
[2019-11-30 21:09:32,380] - DEBUG: execute javascript: arguments[0].setAttribute('style', 'border: 2px solid red;');
[2019-11-30 21:09:35,498] - INFO: quit browser
[2019-11-30 21:09:35,500] - DEBUG: 测试用例执行结束:test_mobile_login_flow
[2019-11-30 21:09:35,501] - WARNING: ========================= END =========================
